0 info it worked if it ends with ok
1 verbose cli [ 'C:\\Program Files\\nodejs\\\\node.exe',
1 verbose cli   'C:\\Program Files\\nodejs\\node_modules\\npm\\bin\\npm-cli.js',
1 verbose cli   'publish' ]
2 info using npm@1.4.28
3 info using node@v0.10.33
4 verbose node symlink C:\Program Files\nodejs\\node.exe
5 verbose publish [ '.' ]
6 verbose cache add [ '.', null ]
7 verbose cache add name=undefined spec="." args=[".",null]
8 verbose parsed url { protocol: null,
8 verbose parsed url   slashes: null,
8 verbose parsed url   auth: null,
8 verbose parsed url   host: null,
8 verbose parsed url   port: null,
8 verbose parsed url   hostname: null,
8 verbose parsed url   hash: null,
8 verbose parsed url   search: null,
8 verbose parsed url   query: null,
8 verbose parsed url   pathname: '.',
8 verbose parsed url   path: '.',
8 verbose parsed url   href: '.' }
9 silly lockFile 3a52ce78- .
10 verbose lock . C:\Users\saudhi\AppData\Roaming\npm-cache\3a52ce78-.lock
11 verbose tar pack [ 'C:\\Users\\saudhi\\AppData\\Roaming\\npm-cache\\angular-circular-timepicker\\0.1.5\\package.tgz',
11 verbose tar pack   '.' ]
12 verbose tarball C:\Users\saudhi\AppData\Roaming\npm-cache\angular-circular-timepicker\0.1.5\package.tgz
13 verbose folder .
14 info prepublish angular-circular-timepicker@0.1.5
15 silly lockFile 1f1177db-tar tar://.
16 verbose lock tar://. C:\Users\saudhi\AppData\Roaming\npm-cache\1f1177db-tar.lock
17 silly lockFile 335017a2-lar-timepicker-0-1-5-package-tgz tar://C:\Users\saudhi\AppData\Roaming\npm-cache\angular-circular-timepicker\0.1.5\package.tgz
18 verbose lock tar://C:\Users\saudhi\AppData\Roaming\npm-cache\angular-circular-timepicker\0.1.5\package.tgz C:\Users\saudhi\AppData\Roaming\npm-cache\335017a2-lar-timepicker-0-1-5-package-tgz.lock
19 silly lockFile 1f1177db-tar tar://.
20 silly lockFile 1f1177db-tar tar://.
21 silly lockFile 335017a2-lar-timepicker-0-1-5-package-tgz tar://C:\Users\saudhi\AppData\Roaming\npm-cache\angular-circular-timepicker\0.1.5\package.tgz
22 silly lockFile 335017a2-lar-timepicker-0-1-5-package-tgz tar://C:\Users\saudhi\AppData\Roaming\npm-cache\angular-circular-timepicker\0.1.5\package.tgz
23 silly lockFile 4e2c5e04-ircular-timepicker-0-1-5-package C:\Users\saudhi\AppData\Roaming\npm-cache\angular-circular-timepicker\0.1.5\package
24 verbose lock C:\Users\saudhi\AppData\Roaming\npm-cache\angular-circular-timepicker\0.1.5\package C:\Users\saudhi\AppData\Roaming\npm-cache\4e2c5e04-ircular-timepicker-0-1-5-package.lock
25 silly lockFile 4e2c5e04-ircular-timepicker-0-1-5-package C:\Users\saudhi\AppData\Roaming\npm-cache\angular-circular-timepicker\0.1.5\package
26 silly lockFile 4e2c5e04-ircular-timepicker-0-1-5-package C:\Users\saudhi\AppData\Roaming\npm-cache\angular-circular-timepicker\0.1.5\package
27 silly lockFile 3a52ce78- .
28 silly lockFile 3a52ce78- .
29 silly publish { name: 'angular-circular-timepicker',
29 silly publish   version: '0.1.5',
29 silly publish   description: 'A date time picker element directive with a circular interface for choosing time',
29 silly publish   scripts: { start: 'gulp', test: 'karma start' },
29 silly publish   keywords:
29 silly publish    [ 'angular',
29 silly publish      'calendar',
29 silly publish      'date picker',
29 silly publish      'date',
29 silly publish      'directive',
29 silly publish      'time picker',
29 silly publish      'time',
29 silly publish      'circular',
29 silly publish      'circular picker',
29 silly publish      'circular time picker' ],
29 silly publish   author: { name: 'https://github.com/sidaudhi/angular-circular-timepicker/graphs/contributors' },
29 silly publish   homepage: 'http://sidaudhi.github.io/angular-circular-timepicker',
29 silly publish   main: 'dist/javascript/angular.circular.timepicker.js',
29 silly publish   dependencies: { angular: '^1.4.9', moment: '^2.11.2' },
29 silly publish   license: 'MIT',
29 silly publish   devDependencies:
29 silly publish    { chai: '^3.5.0',
29 silly publish      gulp: '^3.9.0',
29 silly publish      'gulp-concat': '^2.6.0',
29 silly publish      'gulp-concat-css': '^2.2.0',
29 silly publish      'gulp-stylus': '^2.3.0',
29 silly publish      'jasmine-core': '^2.4.1',
29 silly publish      karma: '^0.13.19',
29 silly publish      'karma-chai': '^0.1.0',
29 silly publish      'karma-chrome-launcher': '^0.2.2',
29 silly publish      'karma-jasmine': '^0.3.7',
29 silly publish      'karma-mocha': '^0.2.1',
29 silly publish      'karma-mocha-reporter': '^1.1.5',
29 silly publish      'karma-phantomjs-launcher': '^1.0.0',
29 silly publish      mocha: '^2.4.5',
29 silly publish      nib: '^1.1.0',
29 silly publish      'phantomjs-prebuilt': '^2.1.3' },
29 silly publish   repository:
29 silly publish    { type: 'git',
29 silly publish      url: 'https://github.com/sidaudhi/angular-circular-timepicker.git' },
29 silly publish   readme: '# AngularJS Circular Time Picker\r\nNative AngularJS datetime picker element directive with a circular interface for time\r\n\r\n[Home / demo page](http://sidaudhi.github.io/angular-circular-timepicker/)\r\n\r\n# Dependencies\r\n\r\nRequires:\r\n * AngularJS 1.4.x or higher (1.0.x will not work)\r\n * MomentJS\r\n\r\n# Usage\r\nWe use **bower** and **npm** for dependency management, run\r\n\r\n```shell\r\nbower install --save angular-circular-timepicker\r\n```\r\n```shell\r\nnpm install --save angular-circular-timepicker\r\n```\r\n\r\nThis will copy the angular-circular-timepicker files into your components folder, along with its dependencies.\r\n\r\n### Add the css:\r\n\r\n#### bower\r\n\r\n```html\r\n<link rel="stylesheet" href="bower_components/angular-circular-timepicker/dist/stylesheets/angular.circular.timepicker.css"/>\r\n```\r\n#### npm\r\n```html\r\n<link rel="stylesheet" href="node_modules/angular-circular-timepicker/dist/stylesheets/angular.circular.timepicker.css"/>\r\n```\r\n\r\n### Load the script files in your application:\r\n#### bower\r\n```html\r\n<script type="text/javascript" src="bower_components/angular/angular.js"></script>\r\n<script type="text/javascript" src="bower_components/moment/moment.js"></script>\r\n<script type="text/javascript" src="bower_components/angular-circular-timepicker/dist/javascript/angular.circular.timepicker.js"></script>\r\n```\r\n#### npm\r\n```html\r\n<script type="text/javascript" src="node_modules/angular/angular.js"></script>\r\n<script type="text/javascript" src="node_modules/moment/moment.js"></script>\r\n<script type="text/javascript" src="node_modules/angular-circular-timepicker/dist/javascript/angular.circular.timepicker.js"></script>\r\n```\r\n\r\nAdd the date module as a dependency to your application module:\r\n\r\n```html\r\nvar myAppModule = angular.module(\'MyApp\', [\'angular.circular.timepicker.js\'])\r\n```\r\n\r\nApply the directive to your form elements:\r\n\r\n```html\r\n<circulartimepicker model="data.date"></circulartimepicker>\r\n```\r\n',
29 silly publish   readmeFilename: 'README.md',
29 silly publish   gitHead: '5d8c5db862b2a3955b3b680ff7231f879d266e0a',
29 silly publish   bugs: { url: 'https://github.com/sidaudhi/angular-circular-timepicker/issues' },
29 silly publish   _id: 'angular-circular-timepicker@0.1.5',
29 silly publish   _shasum: 'dc61e5377559e28322fa039c40241c3a56ef4317',
29 silly publish   _from: '.' }
30 verbose request where is /angular-circular-timepicker
31 verbose request registry https://registry.npmjs.org/
32 verbose request id e1a505255a0f4fac
33 verbose url raw /angular-circular-timepicker
34 verbose url resolving [ 'https://registry.npmjs.org/',
34 verbose url resolving   './angular-circular-timepicker' ]
35 verbose url resolved https://registry.npmjs.org/angular-circular-timepicker
36 verbose request where is https://registry.npmjs.org/angular-circular-timepicker
37 info trying registry request attempt 1 at 15:29:29
38 http PUT https://registry.npmjs.org/angular-circular-timepicker
39 http 403 https://registry.npmjs.org/angular-circular-timepicker
40 verbose headers { 'content-type': 'application/json',
40 verbose headers   'cache-control': 'max-age=300',
40 verbose headers   'content-length': '95',
40 verbose headers   'accept-ranges': 'bytes',
40 verbose headers   date: 'Fri, 05 Feb 2016 09:59:31 GMT',
40 verbose headers   via: '1.1 varnish',
40 verbose headers   connection: 'keep-alive',
40 verbose headers   'x-served-by': 'cache-sin6925-SIN',
40 verbose headers   'x-cache': 'MISS',
40 verbose headers   'x-cache-hits': '0',
40 verbose headers   'x-timer': 'S1454666370.483904,VS0,VE905' }
41 error publish Failed PUT 403
42 error Error: "You cannot publish over the previously published version 0.1.5." : angular-circular-timepicker
42 error     at RegClient.<anonymous> (C:\Program Files\nodejs\node_modules\npm\node_modules\npm-registry-client\lib\request.js:308:14)
42 error     at Request._callback (C:\Program Files\nodejs\node_modules\npm\node_modules\npm-registry-client\lib\request.js:246:65)
42 error     at Request.self.callback (C:\Program Files\nodejs\node_modules\npm\node_modules\request\request.js:236:22)
42 error     at Request.emit (events.js:98:17)
42 error     at Request.<anonymous> (C:\Program Files\nodejs\node_modules\npm\node_modules\request\request.js:1142:14)
42 error     at Request.emit (events.js:117:20)
42 error     at IncomingMessage.<anonymous> (C:\Program Files\nodejs\node_modules\npm\node_modules\request\request.js:1096:12)
42 error     at IncomingMessage.emit (events.js:117:20)
42 error     at _stream_readable.js:943:16
42 error     at process._tickCallback (node.js:419:13)
43 error If you need help, you may report this *entire* log,
43 error including the npm and node versions, at:
43 error     <http://github.com/npm/npm/issues>
44 error System Windows_NT 6.1.7601
45 error command "C:\\Program Files\\nodejs\\\\node.exe" "C:\\Program Files\\nodejs\\node_modules\\npm\\bin\\npm-cli.js" "publish"
46 error cwd D:\Personal\Plugins\angular-circular-timepicker\master
47 error node -v v0.10.33
48 error npm -v 1.4.28
49 verbose exit [ 1, true ]
